{"/Users/nickdyer/projects/hipspot/spec/tweets/models.js":{"path":"/Users/nickdyer/projects/hipspot/spec/tweets/models.js","s":{"1":1,"2":1,"3":1,"4":1,"5":1,"6":1,"7":1,"8":1,"9":1,"10":1,"11":1,"12":1,"13":1,"14":1,"15":1,"16":1,"17":1,"18":1,"19":1,"20":1,"21":1},"b":{},"f":{"1":1,"2":1,"3":1,"4":1,"5":1,"6":1,"7":1},"fnMap":{"1":{"name":"(anonymous_1)","line":16,"loc":{"start":{"line":16,"column":26},"end":{"line":16,"column":38}}},"2":{"name":"(anonymous_2)","line":18,"loc":{"start":{"line":18,"column":24},"end":{"line":18,"column":36}}},"3":{"name":"(anonymous_3)","line":19,"loc":{"start":{"line":19,"column":36},"end":{"line":19,"column":52}}},"4":{"name":"(anonymous_4)","line":20,"loc":{"start":{"line":20,"column":26},"end":{"line":20,"column":55}}},"5":{"name":"(anonymous_5)","line":32,"loc":{"start":{"line":32,"column":43},"end":{"line":32,"column":58}}},"6":{"name":"(anonymous_6)","line":33,"loc":{"start":{"line":33,"column":26},"end":{"line":33,"column":54}}},"7":{"name":"(anonymous_7)","line":34,"loc":{"start":{"line":34,"column":19},"end":{"line":34,"column":42}}}},"statementMap":{"1":{"start":{"line":3,"column":0},"end":{"line":3,"column":35}},"2":{"start":{"line":4,"column":0},"end":{"line":4,"column":36}},"3":{"start":{"line":5,"column":0},"end":{"line":5,"column":46}},"4":{"start":{"line":7,"column":0},"end":{"line":14,"column":2}},"5":{"start":{"line":16,"column":0},"end":{"line":41,"column":3}},"6":{"start":{"line":18,"column":2},"end":{"line":40,"column":5}},"7":{"start":{"line":19,"column":4},"end":{"line":30,"column":7}},"8":{"start":{"line":20,"column":6},"end":{"line":29,"column":9}},"9":{"start":{"line":21,"column":8},"end":{"line":21,"column":33}},"10":{"start":{"line":22,"column":8},"end":{"line":22,"column":47}},"11":{"start":{"line":23,"column":8},"end":{"line":23,"column":60}},"12":{"start":{"line":24,"column":8},"end":{"line":24,"column":56}},"13":{"start":{"line":25,"column":8},"end":{"line":25,"column":53}},"14":{"start":{"line":26,"column":8},"end":{"line":26,"column":52}},"15":{"start":{"line":27,"column":8},"end":{"line":27,"column":55}},"16":{"start":{"line":28,"column":8},"end":{"line":28,"column":15}},"17":{"start":{"line":32,"column":4},"end":{"line":39,"column":7}},"18":{"start":{"line":33,"column":6},"end":{"line":38,"column":9}},"19":{"start":{"line":34,"column":8},"end":{"line":37,"column":11}},"20":{"start":{"line":35,"column":10},"end":{"line":35,"column":54}},"21":{"start":{"line":36,"column":10},"end":{"line":36,"column":17}}},"branchMap":{}},"/Users/nickdyer/projects/hipspot/spec/utils.js":{"path":"/Users/nickdyer/projects/hipspot/spec/utils.js","s":{"1":1,"2":1,"3":1,"4":1,"5":1,"6":2,"7":2,"8":2,"9":2,"10":2,"11":2,"12":0,"13":2,"14":0,"15":1,"16":1,"17":2,"18":2,"19":2,"20":2,"21":2,"22":2},"b":{"1":[2,0],"2":[0,2]},"f":{"1":2,"2":2,"3":2,"4":2,"5":2,"6":2,"7":2},"fnMap":{"1":{"name":"(anonymous_1)","line":8,"loc":{"start":{"line":8,"column":11},"end":{"line":8,"column":27}}},"2":{"name":"clearDB","line":10,"loc":{"start":{"line":10,"column":2},"end":{"line":10,"column":21}}},"3":{"name":"(anonymous_3)","line":12,"loc":{"start":{"line":12,"column":48},"end":{"line":12,"column":59}}},"4":{"name":"(anonymous_4)","line":18,"loc":{"start":{"line":18,"column":37},"end":{"line":18,"column":52}}},"5":{"name":"(anonymous_5)","line":29,"loc":{"start":{"line":29,"column":10},"end":{"line":29,"column":26}}},"6":{"name":"clearDB","line":30,"loc":{"start":{"line":30,"column":2},"end":{"line":30,"column":21}}},"7":{"name":"(anonymous_7)","line":32,"loc":{"start":{"line":32,"column":48},"end":{"line":32,"column":59}}}},"statementMap":{"1":{"start":{"line":3,"column":0},"end":{"line":3,"column":46}},"2":{"start":{"line":4,"column":0},"end":{"line":4,"column":35}},"3":{"start":{"line":6,"column":0},"end":{"line":6,"column":30}},"4":{"start":{"line":8,"column":0},"end":{"line":27,"column":3}},"5":{"start":{"line":10,"column":2},"end":{"line":15,"column":3}},"6":{"start":{"line":11,"column":4},"end":{"line":13,"column":5}},"7":{"start":{"line":12,"column":6},"end":{"line":12,"column":63}},"8":{"start":{"line":14,"column":4},"end":{"line":14,"column":18}},"9":{"start":{"line":17,"column":2},"end":{"line":26,"column":3}},"10":{"start":{"line":18,"column":4},"end":{"line":23,"column":7}},"11":{"start":{"line":19,"column":6},"end":{"line":21,"column":7}},"12":{"start":{"line":20,"column":8},"end":{"line":20,"column":18}},"13":{"start":{"line":22,"column":6},"end":{"line":22,"column":23}},"14":{"start":{"line":25,"column":4},"end":{"line":25,"column":21}},"15":{"start":{"line":29,"column":0},"end":{"line":39,"column":3}},"16":{"start":{"line":30,"column":2},"end":{"line":35,"column":3}},"17":{"start":{"line":31,"column":4},"end":{"line":33,"column":5}},"18":{"start":{"line":32,"column":6},"end":{"line":32,"column":63}},"19":{"start":{"line":34,"column":4},"end":{"line":34,"column":18}},"20":{"start":{"line":36,"column":2},"end":{"line":36,"column":12}},"21":{"start":{"line":37,"column":2},"end":{"line":37,"column":24}},"22":{"start":{"line":38,"column":2},"end":{"line":38,"column":16}}},"branchMap":{"1":{"line":17,"type":"if","locations":[{"start":{"line":17,"column":2},"end":{"line":17,"column":2}},{"start":{"line":17,"column":2},"end":{"line":17,"column":2}}]},"2":{"line":19,"type":"if","locations":[{"start":{"line":19,"column":6},"end":{"line":19,"column":6}},{"start":{"line":19,"column":6},"end":{"line":19,"column":6}}]}}},"/Users/nickdyer/projects/hipspot/config/database.js":{"path":"/Users/nickdyer/projects/hipspot/config/database.js","s":{"1":1},"b":{},"f":{},"fnMap":{},"statementMap":{"1":{"start":{"line":1,"column":0},"end":{"line":6,"column":2}}},"branchMap":{}},"/Users/nickdyer/projects/hipspot/app/tweetrepo.js":{"path":"/Users/nickdyer/projects/hipspot/app/tweetrepo.js","s":{"1":1,"2":1,"3":1,"4":1},"b":{},"f":{},"fnMap":{},"statementMap":{"1":{"start":{"line":1,"column":0},"end":{"line":1,"column":35}},"2":{"start":{"line":2,"column":0},"end":{"line":2,"column":29}},"3":{"start":{"line":4,"column":0},"end":{"line":14,"column":3}},"4":{"start":{"line":16,"column":0},"end":{"line":16,"column":54}}},"branchMap":{}}}