TN:
SF:/Users/nickdyer/projects/hipspot/spec/tweets/models.js
FN:16,(anonymous_1)
FN:18,(anonymous_2)
FN:19,(anonymous_3)
FN:20,(anonymous_4)
FN:32,(anonymous_5)
FN:33,(anonymous_6)
FN:34,(anonymous_7)
FNF:7
FNH:7
FNDA:1,(anonymous_1)
FNDA:1,(anonymous_2)
FNDA:1,(anonymous_3)
FNDA:1,(anonymous_4)
FNDA:1,(anonymous_5)
FNDA:1,(anonymous_6)
FNDA:1,(anonymous_7)
DA:3,1
DA:4,1
DA:5,1
DA:7,1
DA:16,1
DA:18,1
DA:19,1
DA:20,1
DA:21,1
DA:22,1
DA:23,1
DA:24,1
DA:25,1
DA:26,1
DA:27,1
DA:28,1
DA:32,1
DA:33,1
DA:34,1
DA:35,1
DA:36,1
LF:21
LH:21
BRF:0
BRH:0
end_of_record
TN:
SF:/Users/nickdyer/projects/hipspot/spec/utils.js
FN:8,(anonymous_1)
FN:10,clearDB
FN:12,(anonymous_3)
FN:18,(anonymous_4)
FN:29,(anonymous_5)
FN:30,clearDB
FN:32,(anonymous_7)
FNF:7
FNH:7
FNDA:2,(anonymous_1)
FNDA:2,clearDB
FNDA:2,(anonymous_3)
FNDA:2,(anonymous_4)
FNDA:2,(anonymous_5)
FNDA:2,clearDB
FNDA:2,(anonymous_7)
DA:3,1
DA:4,1
DA:6,1
DA:8,1
DA:10,1
DA:11,2
DA:12,2
DA:14,2
DA:17,2
DA:18,2
DA:19,2
DA:20,0
DA:22,2
DA:25,0
DA:29,1
DA:30,1
DA:31,2
DA:32,2
DA:34,2
DA:36,2
DA:37,2
DA:38,2
LF:22
LH:20
BRDA:17,1,0,2
BRDA:17,1,1,0
BRDA:19,2,0,0
BRDA:19,2,1,2
BRF:4
BRH:2
end_of_record
TN:
SF:/Users/nickdyer/projects/hipspot/config/database.js
FNF:0
FNH:0
DA:1,1
LF:1
LH:1
BRF:0
BRH:0
end_of_record
TN:
SF:/Users/nickdyer/projects/hipspot/app/tweetrepo.js
FNF:0
FNH:0
DA:1,1
DA:2,1
DA:4,1
DA:16,1
LF:4
LH:4
BRF:0
BRH:0
end_of_record
